<?xml version="1.0" encoding="UTF-8"?>
<!-- Generated by org.testng.reporters.JUnitXMLReporter -->
<testsuite ignored="0" hostname="IFSCLIENT-41603" failures="1" tests="2" name="Command line test" time="14.587" errors="0" timestamp="2022-11-07T23:38:33 IST">
  <testcase classname="com.actitime.testcases.HomePageTest" name="homePageTaskLinkTest" time="4.873"/>
  <testcase classname="com.actitime.testcases.LoginPageTest" name="LoginTest" time="0.533">
    <failure type="org.testng.internal.reflect.MethodMatcherException" message="
[public void com.actitime.testcases.LoginPageTest.LoginTest(java.lang.String,java.lang.String)] has no parameters defined but was found to be using a data provider (either explicitly specified or inherited from class level annotation).
Data provider mismatch
Method: LoginTest([java.lang.String arg0, java.lang.String arg1])
Arguments: [(java.lang.String) LoginPageTest,(java.lang.String) admin,(java.lang.String) manager]">
      <![CDATA[org.testng.internal.reflect.MethodMatcherException: 
[public void com.actitime.testcases.LoginPageTest.LoginTest(java.lang.String,java.lang.String)] has no parameters defined but was found to be using a data provider (either explicitly specified or inherited from class level annotation).
Data provider mismatch
Method: LoginTest([java.lang.String arg0, java.lang.String arg1])
Arguments: [(java.lang.String) LoginPageTest,(java.lang.String) admin,(java.lang.String) manager]
at java.base/java.util.ArrayList.forEach(ArrayList.java:1511)
... Removed 32 stack frames]]>
    </failure>
  </testcase> <!-- LoginTest -->
</testsuite> <!-- Command line test -->
